<?xml version="1.0" encoding="UTF-8"?>
<!-- Generated by org.testng.reporters.JUnitReportReporter -->
<testsuite skipped="0" hostname="DESKTOP-60E81K6" name="qaclickacademy.SeleniumTest" tests="2" failures="0" timestamp="2019-07-09T17:18:15 IST" time="0.000" errors="0">
  <testcase name="nativeapps" time="0.000" classname="qaclickacademy.SeleniumTest"/>
  <testcase name="webbrowser" time="0.000" classname="qaclickacademy.SeleniumTest"/>
</testsuite> <!-- qaclickacademy.SeleniumTest -->
